{"/Users/marynatochkova/Documents/Private projects/please-stand-up/src/composables/useSession.ts": {"path":"/Users/marynatochkova/Documents/Private projects/please-stand-up/src/composables/useSession.ts","statementMap":{"0":{"start":{"line":12,"column":30},"end":{"line":12,"column":null}},"1":{"start":{"line":13,"column":20},"end":{"line":13,"column":null}},"2":{"start":{"line":16,"column":6},"end":{"line":16,"column":null}},"3":{"start":{"line":17,"column":6},"end":{"line":17,"column":null}},"4":{"start":{"line":18,"column":6},"end":{"line":18,"column":null}},"5":{"start":{"line":26,"column":29},"end":{"line":59,"column":null}},"6":{"start":{"line":30,"column":8},"end":{"line":30,"column":null}},"7":{"start":{"line":31,"column":8},"end":{"line":31,"column":null}},"8":{"start":{"line":32,"column":14},"end":{"line":32,"column":null}},"9":{"start":{"line":33,"column":20},"end":{"line":33,"column":null}},"10":{"start":{"line":35,"column":27},"end":{"line":50,"column":null}},"11":{"start":{"line":53,"column":2},"end":{"line":53,"column":null}},"12":{"start":{"line":54,"column":2},"end":{"line":54,"column":null}},"13":{"start":{"line":55,"column":2},"end":{"line":55,"column":null}},"14":{"start":{"line":56,"column":2},"end":{"line":56,"column":null}},"15":{"start":{"line":58,"column":2},"end":{"line":58,"column":null}},"16":{"start":{"line":69,"column":27},"end":{"line":118,"column":null}},"17":{"start":{"line":74,"column":18},"end":{"line":74,"column":null}},"18":{"start":{"line":76,"column":2},"end":{"line":78,"column":null}},"19":{"start":{"line":77,"column":4},"end":{"line":77,"column":null}},"20":{"start":{"line":80,"column":2},"end":{"line":82,"column":null}},"21":{"start":{"line":81,"column":4},"end":{"line":81,"column":null}},"22":{"start":{"line":85,"column":2},"end":{"line":93,"column":null}},"23":{"start":{"line":86,"column":4},"end":{"line":88,"column":null}},"24":{"start":{"line":87,"column":6},"end":{"line":87,"column":null}},"25":{"start":{"line":89,"column":20},"end":{"line":89,"column":null}},"26":{"start":{"line":90,"column":4},"end":{"line":92,"column":null}},"27":{"start":{"line":91,"column":6},"end":{"line":91,"column":null}},"28":{"start":{"line":96,"column":8},"end":{"line":96,"column":null}},"29":{"start":{"line":97,"column":30},"end":{"line":99,"column":null}},"30":{"start":{"line":98,"column":9},"end":{"line":98,"column":null}},"31":{"start":{"line":101,"column":2},"end":{"line":109,"column":null}},"32":{"start":{"line":102,"column":40},"end":{"line":107,"column":null}},"33":{"start":{"line":108,"column":4},"end":{"line":108,"column":null}},"34":{"start":{"line":112,"column":2},"end":{"line":112,"column":null}},"35":{"start":{"line":113,"column":2},"end":{"line":113,"column":null}},"36":{"start":{"line":114,"column":2},"end":{"line":114,"column":null}},"37":{"start":{"line":115,"column":2},"end":{"line":115,"column":null}},"38":{"start":{"line":117,"column":2},"end":{"line":117,"column":null}},"39":{"start":{"line":123,"column":28},"end":{"line":127,"column":null}},"40":{"start":{"line":124,"column":2},"end":{"line":124,"column":null}},"41":{"start":{"line":125,"column":2},"end":{"line":125,"column":null}},"42":{"start":{"line":126,"column":2},"end":{"line":126,"column":null}},"43":{"start":{"line":132,"column":31},"end":{"line":140,"column":null}},"44":{"start":{"line":133,"column":2},"end":{"line":139,"column":null}},"45":{"start":{"line":145,"column":32},"end":{"line":147,"column":null}},"46":{"start":{"line":146,"column":2},"end":{"line":146,"column":null}},"47":{"start":{"line":152,"column":39},"end":{"line":165,"column":null}},"48":{"start":{"line":156,"column":2},"end":{"line":156,"column":null}},"49":{"start":{"line":156,"column":29},"end":{"line":156,"column":null}},"50":{"start":{"line":158,"column":22},"end":{"line":160,"column":null}},"51":{"start":{"line":159,"column":9},"end":{"line":159,"column":null}},"52":{"start":{"line":161,"column":2},"end":{"line":164,"column":null}},"53":{"start":{"line":162,"column":4},"end":{"line":162,"column":null}},"54":{"start":{"line":163,"column":4},"end":{"line":163,"column":null}},"55":{"start":{"line":170,"column":29},"end":{"line":186,"column":null}},"56":{"start":{"line":175,"column":2},"end":{"line":175,"column":null}},"57":{"start":{"line":175,"column":29},"end":{"line":175,"column":null}},"58":{"start":{"line":177,"column":22},"end":{"line":179,"column":null}},"59":{"start":{"line":178,"column":9},"end":{"line":178,"column":null}},"60":{"start":{"line":180,"column":2},"end":{"line":185,"column":null}},"61":{"start":{"line":181,"column":4},"end":{"line":181,"column":null}},"62":{"start":{"line":182,"column":4},"end":{"line":182,"column":null}},"63":{"start":{"line":183,"column":4},"end":{"line":183,"column":null}},"64":{"start":{"line":184,"column":4},"end":{"line":184,"column":null}},"65":{"start":{"line":191,"column":26},"end":{"line":197,"column":null}},"66":{"start":{"line":192,"column":2},"end":{"line":192,"column":null}},"67":{"start":{"line":192,"column":29},"end":{"line":192,"column":null}},"68":{"start":{"line":194,"column":2},"end":{"line":194,"column":null}},"69":{"start":{"line":195,"column":2},"end":{"line":195,"column":null}},"70":{"start":{"line":196,"column":2},"end":{"line":196,"column":null}},"71":{"start":{"line":200,"column":26},"end":{"line":227,"column":null}},"72":{"start":{"line":201,"column":8},"end":{"line":201,"column":null}},"73":{"start":{"line":201,"column":33},"end":{"line":201,"column":53}},"74":{"start":{"line":202,"column":8},"end":{"line":202,"column":null}},"75":{"start":{"line":202,"column":32},"end":{"line":202,"column":51}},"76":{"start":{"line":203,"column":8},"end":{"line":203,"column":null}},"77":{"start":{"line":203,"column":34},"end":{"line":203,"column":55}},"78":{"start":{"line":204,"column":8},"end":{"line":206,"column":null}},"79":{"start":{"line":205,"column":10},"end":{"line":205,"column":null}},"80":{"start":{"line":207,"column":8},"end":{"line":207,"column":null}},"81":{"start":{"line":207,"column":38},"end":{"line":207,"column":78}},"82":{"start":{"line":209,"column":2},"end":{"line":226,"column":null}},"83":{"start":{"line":230,"column":27},"end":{"line":236,"column":null}},"84":{"start":{"line":231,"column":2},"end":{"line":235,"column":null}},"85":{"start":{"line":232,"column":4},"end":{"line":232,"column":null}},"86":{"start":{"line":234,"column":4},"end":{"line":234,"column":null}},"87":{"start":{"line":238,"column":29},"end":{"line":260,"column":null}},"88":{"start":{"line":239,"column":2},"end":{"line":259,"column":null}},"89":{"start":{"line":240,"column":19},"end":{"line":240,"column":null}},"90":{"start":{"line":241,"column":4},"end":{"line":241,"column":null}},"91":{"start":{"line":241,"column":17},"end":{"line":241,"column":null}},"92":{"start":{"line":243,"column":29},"end":{"line":243,"column":null}},"93":{"start":{"line":246,"column":4},"end":{"line":246,"column":null}},"94":{"start":{"line":246,"column":34},"end":{"line":246,"column":null}},"95":{"start":{"line":249,"column":4},"end":{"line":249,"column":null}},"96":{"start":{"line":250,"column":4},"end":{"line":250,"column":null}},"97":{"start":{"line":251,"column":4},"end":{"line":253,"column":null}},"98":{"start":{"line":252,"column":6},"end":{"line":252,"column":null}},"99":{"start":{"line":255,"column":4},"end":{"line":255,"column":null}},"100":{"start":{"line":257,"column":4},"end":{"line":257,"column":null}},"101":{"start":{"line":258,"column":4},"end":{"line":258,"column":null}}},"fnMap":{"0":{"name":"(anonymous_0)","decl":{"start":{"line":26,"column":29},"end":{"line":26,"column":null}},"loc":{"start":{"line":29,"column":23},"end":{"line":59,"column":null}},"line":29},"1":{"name":"(anonymous_1)","decl":{"start":{"line":69,"column":27},"end":{"line":69,"column":null}},"loc":{"start":{"line":73,"column":23},"end":{"line":118,"column":null}},"line":73},"2":{"name":"(anonymous_2)","decl":{"start":{"line":98,"column":4},"end":{"line":98,"column":9}},"loc":{"start":{"line":98,"column":9},"end":{"line":98,"column":null}},"line":98},"3":{"name":"(anonymous_3)","decl":{"start":{"line":123,"column":28},"end":{"line":123,"column":40}},"loc":{"start":{"line":123,"column":40},"end":{"line":127,"column":null}},"line":123},"4":{"name":"(anonymous_4)","decl":{"start":{"line":132,"column":31},"end":{"line":132,"column":61}},"loc":{"start":{"line":132,"column":61},"end":{"line":140,"column":null}},"line":132},"5":{"name":"(anonymous_5)","decl":{"start":{"line":145,"column":32},"end":{"line":145,"column":33}},"loc":{"start":{"line":145,"column":63},"end":{"line":147,"column":null}},"line":145},"6":{"name":"(anonymous_6)","decl":{"start":{"line":152,"column":39},"end":{"line":152,"column":null}},"loc":{"start":{"line":155,"column":11},"end":{"line":165,"column":null}},"line":155},"7":{"name":"(anonymous_7)","decl":{"start":{"line":159,"column":4},"end":{"line":159,"column":9}},"loc":{"start":{"line":159,"column":9},"end":{"line":159,"column":null}},"line":159},"8":{"name":"(anonymous_8)","decl":{"start":{"line":170,"column":29},"end":{"line":170,"column":null}},"loc":{"start":{"line":174,"column":11},"end":{"line":186,"column":null}},"line":174},"9":{"name":"(anonymous_9)","decl":{"start":{"line":178,"column":4},"end":{"line":178,"column":9}},"loc":{"start":{"line":178,"column":9},"end":{"line":178,"column":null}},"line":178},"10":{"name":"(anonymous_10)","decl":{"start":{"line":191,"column":26},"end":{"line":191,"column":27}},"loc":{"start":{"line":191,"column":53},"end":{"line":197,"column":null}},"line":191},"11":{"name":"(anonymous_11)","decl":{"start":{"line":200,"column":26},"end":{"line":200,"column":32}},"loc":{"start":{"line":200,"column":32},"end":{"line":227,"column":null}},"line":200},"12":{"name":"(anonymous_12)","decl":{"start":{"line":201,"column":27},"end":{"line":201,"column":33}},"loc":{"start":{"line":201,"column":33},"end":{"line":201,"column":53}},"line":201},"13":{"name":"(anonymous_13)","decl":{"start":{"line":202,"column":26},"end":{"line":202,"column":32}},"loc":{"start":{"line":202,"column":32},"end":{"line":202,"column":51}},"line":202},"14":{"name":"(anonymous_14)","decl":{"start":{"line":203,"column":28},"end":{"line":203,"column":34}},"loc":{"start":{"line":203,"column":34},"end":{"line":203,"column":55}},"line":203},"15":{"name":"(anonymous_15)","decl":{"start":{"line":205,"column":4},"end":{"line":205,"column":10}},"loc":{"start":{"line":205,"column":10},"end":{"line":205,"column":null}},"line":205},"16":{"name":"(anonymous_16)","decl":{"start":{"line":207,"column":32},"end":{"line":207,"column":38}},"loc":{"start":{"line":207,"column":38},"end":{"line":207,"column":78}},"line":207},"17":{"name":"(anonymous_17)","decl":{"start":{"line":230,"column":27},"end":{"line":230,"column":28}},"loc":{"start":{"line":230,"column":55},"end":{"line":236,"column":null}},"line":230},"18":{"name":"(anonymous_18)","decl":{"start":{"line":238,"column":29},"end":{"line":238,"column":30}},"loc":{"start":{"line":238,"column":68},"end":{"line":260,"column":null}},"line":238},"19":{"name":"(anonymous_19)","decl":{"start":{"line":251,"column":33},"end":{"line":251,"column":38}},"loc":{"start":{"line":251,"column":38},"end":{"line":253,"column":5}},"line":251}},"branchMap":{"0":{"loc":{"start":{"line":49,"column":18},"end":{"line":49,"column":null}},"type":"cond-expr","locations":[{"start":{"line":49,"column":29},"end":{"line":49,"column":60}},{"start":{"line":49,"column":60},"end":{"line":49,"column":null}}],"line":49},"1":{"loc":{"start":{"line":76,"column":2},"end":{"line":78,"column":null}},"type":"if","locations":[{"start":{"line":76,"column":2},"end":{"line":78,"column":null}},{"start":{},"end":{}}],"line":76},"2":{"loc":{"start":{"line":80,"column":2},"end":{"line":82,"column":null}},"type":"if","locations":[{"start":{"line":80,"column":2},"end":{"line":82,"column":null}},{"start":{},"end":{}}],"line":80},"3":{"loc":{"start":{"line":85,"column":2},"end":{"line":93,"column":null}},"type":"if","locations":[{"start":{"line":85,"column":2},"end":{"line":93,"column":null}},{"start":{},"end":{}}],"line":85},"4":{"loc":{"start":{"line":86,"column":4},"end":{"line":88,"column":null}},"type":"if","locations":[{"start":{"line":86,"column":4},"end":{"line":88,"column":null}},{"start":{},"end":{}}],"line":86},"5":{"loc":{"start":{"line":90,"column":4},"end":{"line":92,"column":null}},"type":"if","locations":[{"start":{"line":90,"column":4},"end":{"line":92,"column":null}},{"start":{},"end":{}}],"line":90},"6":{"loc":{"start":{"line":101,"column":2},"end":{"line":109,"column":null}},"type":"if","locations":[{"start":{"line":101,"column":2},"end":{"line":109,"column":null}},{"start":{},"end":{}}],"line":101},"7":{"loc":{"start":{"line":113,"column":24},"end":{"line":113,"column":null}},"type":"binary-expr","locations":[{"start":{"line":113,"column":24},"end":{"line":113,"column":51}},{"start":{"line":113,"column":51},"end":{"line":113,"column":null}}],"line":113},"8":{"loc":{"start":{"line":138,"column":6},"end":{"line":138,"column":null}},"type":"binary-expr","locations":[{"start":{"line":138,"column":6},"end":{"line":138,"column":64}},{"start":{"line":138,"column":64},"end":{"line":138,"column":null}}],"line":138},"9":{"loc":{"start":{"line":156,"column":2},"end":{"line":156,"column":null}},"type":"if","locations":[{"start":{"line":156,"column":2},"end":{"line":156,"column":null}},{"start":{},"end":{}}],"line":156},"10":{"loc":{"start":{"line":161,"column":2},"end":{"line":164,"column":null}},"type":"if","locations":[{"start":{"line":161,"column":2},"end":{"line":164,"column":null}},{"start":{},"end":{}}],"line":161},"11":{"loc":{"start":{"line":175,"column":2},"end":{"line":175,"column":null}},"type":"if","locations":[{"start":{"line":175,"column":2},"end":{"line":175,"column":null}},{"start":{},"end":{}}],"line":175},"12":{"loc":{"start":{"line":180,"column":2},"end":{"line":185,"column":null}},"type":"if","locations":[{"start":{"line":180,"column":2},"end":{"line":185,"column":null}},{"start":{},"end":{}}],"line":180},"13":{"loc":{"start":{"line":192,"column":2},"end":{"line":192,"column":null}},"type":"if","locations":[{"start":{"line":192,"column":2},"end":{"line":192,"column":null}},{"start":{},"end":{}}],"line":192},"14":{"loc":{"start":{"line":207,"column":38},"end":{"line":207,"column":78}},"type":"binary-expr","locations":[{"start":{"line":207,"column":38},"end":{"line":207,"column":76}},{"start":{"line":207,"column":76},"end":{"line":207,"column":78}}],"line":207},"15":{"loc":{"start":{"line":241,"column":4},"end":{"line":241,"column":null}},"type":"if","locations":[{"start":{"line":241,"column":4},"end":{"line":241,"column":null}},{"start":{},"end":{}}],"line":241},"16":{"loc":{"start":{"line":246,"column":4},"end":{"line":246,"column":null}},"type":"if","locations":[{"start":{"line":246,"column":4},"end":{"line":246,"column":null}},{"start":{},"end":{}}],"line":246}},"s":{"0":1,"1":1,"2":1,"3":1,"4":1,"5":1,"6":21,"7":21,"8":21,"9":21,"10":21,"11":21,"12":21,"13":21,"14":21,"15":21,"16":1,"17":8,"18":8,"19":1,"20":7,"21":1,"22":6,"23":3,"24":1,"25":2,"26":2,"27":1,"28":4,"29":4,"30":4,"31":4,"32":3,"33":3,"34":4,"35":4,"36":8,"37":8,"38":8,"39":1,"40":30,"41":30,"42":30,"43":1,"44":6,"45":1,"46":9,"47":1,"48":2,"49":0,"50":2,"51":2,"52":2,"53":2,"54":2,"55":1,"56":1,"57":0,"58":1,"59":1,"60":1,"61":1,"62":1,"63":1,"64":1,"65":1,"66":1,"67":0,"68":1,"69":1,"70":1,"71":1,"72":2,"73":2,"74":2,"75":0,"76":2,"77":1,"78":2,"79":1,"80":2,"81":0,"82":2,"83":1,"84":29,"85":29,"86":0,"87":1,"88":8,"89":8,"90":8,"91":1,"92":7,"93":7,"94":0,"95":7,"96":7,"97":7,"98":7,"99":7,"100":0,"101":0},"f":{"0":21,"1":8,"2":4,"3":30,"4":6,"5":9,"6":2,"7":2,"8":1,"9":1,"10":1,"11":2,"12":2,"13":0,"14":1,"15":1,"16":0,"17":29,"18":8,"19":7},"b":{"0":[4,17],"1":[1,7],"2":[1,6],"3":[3,3],"4":[1,2],"5":[1,1],"6":[3,1],"7":[4,3],"8":[6,2],"9":[0,2],"10":[2,0],"11":[0,1],"12":[1,0],"13":[0,1],"14":[0,0],"15":[1,7],"16":[0,7]},"meta":{"lastBranch":17,"lastFunction":20,"lastStatement":102,"seen":{"s:12:30:12:Infinity":0,"s:13:20:13:Infinity":1,"s:16:6:16:Infinity":2,"s:17:6:17:Infinity":3,"s:18:6:18:Infinity":4,"s:26:29:59:Infinity":5,"f:26:29:26:Infinity":0,"s:30:8:30:Infinity":6,"s:31:8:31:Infinity":7,"s:32:14:32:Infinity":8,"s:33:20:33:Infinity":9,"s:35:27:50:Infinity":10,"b:49:29:49:60:49:60:49:Infinity":0,"s:53:2:53:Infinity":11,"s:54:2:54:Infinity":12,"s:55:2:55:Infinity":13,"s:56:2:56:Infinity":14,"s:58:2:58:Infinity":15,"s:69:27:118:Infinity":16,"f:69:27:69:Infinity":1,"s:74:18:74:Infinity":17,"b:76:2:78:Infinity:undefined:undefined:undefined:undefined":1,"s:76:2:78:Infinity":18,"s:77:4:77:Infinity":19,"b:80:2:82:Infinity:undefined:undefined:undefined:undefined":2,"s:80:2:82:Infinity":20,"s:81:4:81:Infinity":21,"b:85:2:93:Infinity:undefined:undefined:undefined:undefined":3,"s:85:2:93:Infinity":22,"b:86:4:88:Infinity:undefined:undefined:undefined:undefined":4,"s:86:4:88:Infinity":23,"s:87:6:87:Infinity":24,"s:89:20:89:Infinity":25,"b:90:4:92:Infinity:undefined:undefined:undefined:undefined":5,"s:90:4:92:Infinity":26,"s:91:6:91:Infinity":27,"s:96:8:96:Infinity":28,"s:97:30:99:Infinity":29,"f:98:4:98:9":2,"s:98:9:98:Infinity":30,"b:101:2:109:Infinity:undefined:undefined:undefined:undefined":6,"s:101:2:109:Infinity":31,"s:102:40:107:Infinity":32,"s:108:4:108:Infinity":33,"s:112:2:112:Infinity":34,"s:113:2:113:Infinity":35,"b:113:24:113:51:113:51:113:Infinity":7,"s:114:2:114:Infinity":36,"s:115:2:115:Infinity":37,"s:117:2:117:Infinity":38,"s:123:28:127:Infinity":39,"f:123:28:123:40":3,"s:124:2:124:Infinity":40,"s:125:2:125:Infinity":41,"s:126:2:126:Infinity":42,"s:132:31:140:Infinity":43,"f:132:31:132:61":4,"s:133:2:139:Infinity":44,"b:138:6:138:64:138:64:138:Infinity":8,"s:145:32:147:Infinity":45,"f:145:32:145:33":5,"s:146:2:146:Infinity":46,"s:152:39:165:Infinity":47,"f:152:39:152:Infinity":6,"b:156:2:156:Infinity:undefined:undefined:undefined:undefined":9,"s:156:2:156:Infinity":48,"s:156:29:156:Infinity":49,"s:158:22:160:Infinity":50,"f:159:4:159:9":7,"s:159:9:159:Infinity":51,"b:161:2:164:Infinity:undefined:undefined:undefined:undefined":10,"s:161:2:164:Infinity":52,"s:162:4:162:Infinity":53,"s:163:4:163:Infinity":54,"s:170:29:186:Infinity":55,"f:170:29:170:Infinity":8,"b:175:2:175:Infinity:undefined:undefined:undefined:undefined":11,"s:175:2:175:Infinity":56,"s:175:29:175:Infinity":57,"s:177:22:179:Infinity":58,"f:178:4:178:9":9,"s:178:9:178:Infinity":59,"b:180:2:185:Infinity:undefined:undefined:undefined:undefined":12,"s:180:2:185:Infinity":60,"s:181:4:181:Infinity":61,"s:182:4:182:Infinity":62,"s:183:4:183:Infinity":63,"s:184:4:184:Infinity":64,"s:191:26:197:Infinity":65,"f:191:26:191:27":10,"b:192:2:192:Infinity:undefined:undefined:undefined:undefined":13,"s:192:2:192:Infinity":66,"s:192:29:192:Infinity":67,"s:194:2:194:Infinity":68,"s:195:2:195:Infinity":69,"s:196:2:196:Infinity":70,"s:200:26:227:Infinity":71,"f:200:26:200:32":11,"s:201:8:201:Infinity":72,"f:201:27:201:33":12,"s:201:33:201:53":73,"s:202:8:202:Infinity":74,"f:202:26:202:32":13,"s:202:32:202:51":75,"s:203:8:203:Infinity":76,"f:203:28:203:34":14,"s:203:34:203:55":77,"s:204:8:206:Infinity":78,"f:205:4:205:10":15,"s:205:10:205:Infinity":79,"s:207:8:207:Infinity":80,"f:207:32:207:38":16,"s:207:38:207:78":81,"b:207:38:207:76:207:76:207:78":14,"s:209:2:226:Infinity":82,"s:230:27:236:Infinity":83,"f:230:27:230:28":17,"s:231:2:235:Infinity":84,"s:232:4:232:Infinity":85,"s:234:4:234:Infinity":86,"s:238:29:260:Infinity":87,"f:238:29:238:30":18,"s:239:2:259:Infinity":88,"s:240:19:240:Infinity":89,"b:241:4:241:Infinity:undefined:undefined:undefined:undefined":15,"s:241:4:241:Infinity":90,"s:241:17:241:Infinity":91,"s:243:29:243:Infinity":92,"b:246:4:246:Infinity:undefined:undefined:undefined:undefined":16,"s:246:4:246:Infinity":93,"s:246:34:246:Infinity":94,"s:249:4:249:Infinity":95,"s:250:4:250:Infinity":96,"s:251:4:253:Infinity":97,"f:251:33:251:38":19,"s:252:6:252:Infinity":98,"s:255:4:255:Infinity":99,"s:257:4:257:Infinity":100,"s:258:4:258:Infinity":101}}}
,"/Users/marynatochkova/Documents/Private projects/please-stand-up/src/lib/crypto-utils.ts": {"path":"/Users/marynatochkova/Documents/Private projects/please-stand-up/src/lib/crypto-utils.ts","statementMap":{"0":{"start":{"line":10,"column":33},"end":{"line":17,"column":null}},"1":{"start":{"line":12,"column":17},"end":{"line":12,"column":null}},"2":{"start":{"line":13,"column":2},"end":{"line":13,"column":null}},"3":{"start":{"line":16,"column":2},"end":{"line":16,"column":null}},"4":{"start":{"line":23,"column":30},"end":{"line":27,"column":null}},"5":{"start":{"line":24,"column":17},"end":{"line":24,"column":null}},"6":{"start":{"line":25,"column":2},"end":{"line":25,"column":null}},"7":{"start":{"line":26,"column":2},"end":{"line":26,"column":null}},"8":{"start":{"line":34,"column":26},"end":{"line":40,"column":null}},"9":{"start":{"line":36,"column":17},"end":{"line":36,"column":null}},"10":{"start":{"line":39,"column":2},"end":{"line":39,"column":null}},"11":{"start":{"line":47,"column":32},"end":{"line":54,"column":null}},"12":{"start":{"line":49,"column":2},"end":{"line":49,"column":null}},"13":{"start":{"line":49,"column":22},"end":{"line":49,"column":null}},"14":{"start":{"line":52,"column":25},"end":{"line":52,"column":null}},"15":{"start":{"line":53,"column":2},"end":{"line":53,"column":null}},"16":{"start":{"line":61,"column":29},"end":{"line":68,"column":null}},"17":{"start":{"line":63,"column":2},"end":{"line":63,"column":null}},"18":{"start":{"line":63,"column":22},"end":{"line":63,"column":null}},"19":{"start":{"line":66,"column":25},"end":{"line":66,"column":null}},"20":{"start":{"line":67,"column":2},"end":{"line":67,"column":null}}},"fnMap":{"0":{"name":"(anonymous_0)","decl":{"start":{"line":10,"column":33},"end":{"line":10,"column":47}},"loc":{"start":{"line":10,"column":47},"end":{"line":17,"column":null}},"line":10},"1":{"name":"(anonymous_1)","decl":{"start":{"line":23,"column":30},"end":{"line":23,"column":44}},"loc":{"start":{"line":23,"column":44},"end":{"line":27,"column":null}},"line":23},"2":{"name":"(anonymous_2)","decl":{"start":{"line":34,"column":26},"end":{"line":34,"column":27}},"loc":{"start":{"line":34,"column":58},"end":{"line":40,"column":null}},"line":34},"3":{"name":"(anonymous_3)","decl":{"start":{"line":47,"column":32},"end":{"line":47,"column":33}},"loc":{"start":{"line":47,"column":57},"end":{"line":54,"column":null}},"line":47},"4":{"name":"(anonymous_4)","decl":{"start":{"line":61,"column":29},"end":{"line":61,"column":30}},"loc":{"start":{"line":61,"column":54},"end":{"line":68,"column":null}},"line":61}},"branchMap":{"0":{"loc":{"start":{"line":49,"column":2},"end":{"line":49,"column":null}},"type":"if","locations":[{"start":{"line":49,"column":2},"end":{"line":49,"column":null}},{"start":{},"end":{}}],"line":49},"1":{"loc":{"start":{"line":63,"column":2},"end":{"line":63,"column":null}},"type":"if","locations":[{"start":{"line":63,"column":2},"end":{"line":63,"column":null}},{"start":{},"end":{}}],"line":63}},"s":{"0":2,"1":28,"2":28,"3":28,"4":2,"5":31,"6":31,"7":31,"8":2,"9":59,"10":59,"11":2,"12":7,"13":1,"14":6,"15":6,"16":2,"17":4,"18":1,"19":3,"20":3},"f":{"0":28,"1":31,"2":59,"3":7,"4":4},"b":{"0":[1,6],"1":[1,3]},"meta":{"lastBranch":2,"lastFunction":5,"lastStatement":21,"seen":{"s:10:33:17:Infinity":0,"f:10:33:10:47":0,"s:12:17:12:Infinity":1,"s:13:2:13:Infinity":2,"s:16:2:16:Infinity":3,"s:23:30:27:Infinity":4,"f:23:30:23:44":1,"s:24:17:24:Infinity":5,"s:25:2:25:Infinity":6,"s:26:2:26:Infinity":7,"s:34:26:40:Infinity":8,"f:34:26:34:27":2,"s:36:17:36:Infinity":9,"s:39:2:39:Infinity":10,"s:47:32:54:Infinity":11,"f:47:32:47:33":3,"b:49:2:49:Infinity:undefined:undefined:undefined:undefined":0,"s:49:2:49:Infinity":12,"s:49:22:49:Infinity":13,"s:52:25:52:Infinity":14,"s:53:2:53:Infinity":15,"s:61:29:68:Infinity":16,"f:61:29:61:30":4,"b:63:2:63:Infinity:undefined:undefined:undefined:undefined":1,"s:63:2:63:Infinity":17,"s:63:22:63:Infinity":18,"s:66:25:66:Infinity":19,"s:67:2:67:Infinity":20}}}
,"/Users/marynatochkova/Documents/Private projects/please-stand-up/src/lib/password-utils.ts": {"path":"/Users/marynatochkova/Documents/Private projects/please-stand-up/src/lib/password-utils.ts","statementMap":{"0":{"start":{"line":6,"column":19},"end":{"line":6,"column":null}},"1":{"start":{"line":7,"column":23},"end":{"line":7,"column":null}},"2":{"start":{"line":8,"column":19},"end":{"line":8,"column":null}},"3":{"start":{"line":15,"column":28},"end":{"line":50,"column":null}},"4":{"start":{"line":17,"column":15},"end":{"line":17,"column":null}},"5":{"start":{"line":20,"column":25},"end":{"line":20,"column":null}},"6":{"start":{"line":23,"column":22},"end":{"line":29,"column":null}},"7":{"start":{"line":32,"column":21},"end":{"line":41,"column":null}},"8":{"start":{"line":44,"column":19},"end":{"line":44,"column":null}},"9":{"start":{"line":45,"column":2},"end":{"line":45,"column":null}},"10":{"start":{"line":46,"column":2},"end":{"line":46,"column":null}},"11":{"start":{"line":49,"column":2},"end":{"line":49,"column":null}},"12":{"start":{"line":58,"column":30},"end":{"line":108,"column":null}},"13":{"start":{"line":62,"column":2},"end":{"line":107,"column":null}},"14":{"start":{"line":64,"column":21},"end":{"line":64,"column":null}},"15":{"start":{"line":67,"column":17},"end":{"line":67,"column":null}},"16":{"start":{"line":68,"column":23},"end":{"line":68,"column":null}},"17":{"start":{"line":71,"column":27},"end":{"line":71,"column":null}},"18":{"start":{"line":74,"column":24},"end":{"line":80,"column":null}},"19":{"start":{"line":83,"column":23},"end":{"line":92,"column":null}},"20":{"start":{"line":95,"column":24},"end":{"line":95,"column":null}},"21":{"start":{"line":96,"column":4},"end":{"line":96,"column":null}},"22":{"start":{"line":96,"column":50},"end":{"line":96,"column":null}},"23":{"start":{"line":98,"column":15},"end":{"line":98,"column":null}},"24":{"start":{"line":99,"column":4},"end":{"line":101,"column":null}},"25":{"start":{"line":99,"column":17},"end":{"line":99,"column":20}},"26":{"start":{"line":100,"column":6},"end":{"line":100,"column":null}},"27":{"start":{"line":103,"column":4},"end":{"line":103,"column":null}},"28":{"start":{"line":106,"column":4},"end":{"line":106,"column":null}},"29":{"start":{"line":113,"column":26},"end":{"line":116,"column":null}},"30":{"start":{"line":114,"column":17},"end":{"line":114,"column":null}},"31":{"start":{"line":115,"column":2},"end":{"line":115,"column":null}},"32":{"start":{"line":121,"column":26},"end":{"line":136,"column":null}},"33":{"start":{"line":123,"column":17},"end":{"line":123,"column":null}},"34":{"start":{"line":126,"column":18},"end":{"line":126,"column":null}},"35":{"start":{"line":127,"column":23},"end":{"line":127,"column":null}},"36":{"start":{"line":130,"column":23},"end":{"line":130,"column":null}},"37":{"start":{"line":131,"column":16},"end":{"line":131,"column":null}},"38":{"start":{"line":132,"column":2},"end":{"line":134,"column":null}},"39":{"start":{"line":132,"column":15},"end":{"line":132,"column":18}},"40":{"start":{"line":133,"column":4},"end":{"line":133,"column":null}},"41":{"start":{"line":135,"column":2},"end":{"line":135,"column":null}}},"fnMap":{"0":{"name":"(anonymous_0)","decl":{"start":{"line":15,"column":28},"end":{"line":15,"column":35}},"loc":{"start":{"line":15,"column":73},"end":{"line":50,"column":null}},"line":15},"1":{"name":"(anonymous_1)","decl":{"start":{"line":58,"column":30},"end":{"line":58,"column":null}},"loc":{"start":{"line":61,"column":23},"end":{"line":108,"column":null}},"line":61},"2":{"name":"(anonymous_2)","decl":{"start":{"line":113,"column":26},"end":{"line":113,"column":27}},"loc":{"start":{"line":113,"column":58},"end":{"line":116,"column":null}},"line":113},"3":{"name":"(anonymous_3)","decl":{"start":{"line":121,"column":26},"end":{"line":121,"column":27}},"loc":{"start":{"line":121,"column":61},"end":{"line":136,"column":null}},"line":121}},"branchMap":{"0":{"loc":{"start":{"line":96,"column":4},"end":{"line":96,"column":null}},"type":"if","locations":[{"start":{"line":96,"column":4},"end":{"line":96,"column":null}},{"start":{},"end":{}}],"line":96}},"s":{"0":2,"1":2,"2":2,"3":2,"4":17,"5":17,"6":17,"7":17,"8":17,"9":17,"10":17,"11":17,"12":2,"13":17,"14":17,"15":17,"16":17,"17":17,"18":17,"19":17,"20":17,"21":17,"22":2,"23":15,"24":15,"25":15,"26":480,"27":15,"28":0,"29":2,"30":17,"31":17,"32":2,"33":17,"34":17,"35":17,"36":17,"37":17,"38":17,"39":17,"40":729,"41":17},"f":{"0":17,"1":17,"2":17,"3":17},"b":{"0":[2,15]},"meta":{"lastBranch":1,"lastFunction":4,"lastStatement":42,"seen":{"s:6:19:6:Infinity":0,"s:7:23:7:Infinity":1,"s:8:19:8:Infinity":2,"s:15:28:50:Infinity":3,"f:15:28:15:35":0,"s:17:15:17:Infinity":4,"s:20:25:20:Infinity":5,"s:23:22:29:Infinity":6,"s:32:21:41:Infinity":7,"s:44:19:44:Infinity":8,"s:45:2:45:Infinity":9,"s:46:2:46:Infinity":10,"s:49:2:49:Infinity":11,"s:58:30:108:Infinity":12,"f:58:30:58:Infinity":1,"s:62:2:107:Infinity":13,"s:64:21:64:Infinity":14,"s:67:17:67:Infinity":15,"s:68:23:68:Infinity":16,"s:71:27:71:Infinity":17,"s:74:24:80:Infinity":18,"s:83:23:92:Infinity":19,"s:95:24:95:Infinity":20,"b:96:4:96:Infinity:undefined:undefined:undefined:undefined":0,"s:96:4:96:Infinity":21,"s:96:50:96:Infinity":22,"s:98:15:98:Infinity":23,"s:99:4:101:Infinity":24,"s:99:17:99:20":25,"s:100:6:100:Infinity":26,"s:103:4:103:Infinity":27,"s:106:4:106:Infinity":28,"s:113:26:116:Infinity":29,"f:113:26:113:27":2,"s:114:17:114:Infinity":30,"s:115:2:115:Infinity":31,"s:121:26:136:Infinity":32,"f:121:26:121:27":3,"s:123:17:123:Infinity":33,"s:126:18:126:Infinity":34,"s:127:23:127:Infinity":35,"s:130:23:130:Infinity":36,"s:131:16:131:Infinity":37,"s:132:2:134:Infinity":38,"s:132:15:132:18":39,"s:133:4:133:Infinity":40,"s:135:2:135:Infinity":41}}}
}
